============================================================
Time  2023/01/05 04:38:26 693 
============================================================
[2023/01/05 04:38:26 693] lgi        684  SYS_MSG_LOAD  
[2023/01/05 04:38:26 694] lgi        706  SYS_MSG_REGCB  msp_status_cb  func(2c013790) 
[2023/01/05 04:38:26 694] lgi        298  LGI_MSG_INIT  
[2023/01/05 04:38:26 694] lgi        305  lgi  lgi_  268436457  1573451739  
[2023/01/05 04:38:26 694] lgi        403  token:  nil  
[2023/01/05 04:38:26 694] lgi        476  msc cver : 5.0.44.1288  
[2023/01/05 04:38:26 694] lgi        519  ns_enable=  1  
[2023/01/05 04:38:26 694] lgi        531  prot_ver=1  
[2023/01/05 04:38:26 694] lgi        542  prot_type=tcp  
[2023/01/05 04:38:26 694] lgi        693  SYS_MSG_UNLOAD  go bg!  
============================================================
Time  2023/01/05 04:41:17 533 
============================================================
[2023/01/05 04:41:17 533] lgi        684  SYS_MSG_LOAD  
[2023/01/05 04:41:17 534] lgi        706  SYS_MSG_REGCB  msp_status_cb  func(4053700) 
[2023/01/05 04:41:17 534] lgi        298  LGI_MSG_INIT  
[2023/01/05 04:41:17 534] lgi        305  lgi  lgi_  268436457  1573451739  
[2023/01/05 04:41:17 534] lgi        403  token:  nil  
[2023/01/05 04:41:17 534] lgi        476  msc cver : 5.0.44.1288  
[2023/01/05 04:41:17 534] lgi        519  ns_enable=  1  
[2023/01/05 04:41:17 534] lgi        531  prot_ver=1  
[2023/01/05 04:41:17 534] lgi        542  prot_type=tcp  
[2023/01/05 04:41:17 534] lgi        693  SYS_MSG_UNLOAD  go bg!  
============================================================
Time  2023/01/05 04:42:30 513 
============================================================
[2023/01/05 04:42:30 513] lgi        684  SYS_MSG_LOAD  
[2023/01/05 04:42:30 513] lgi        706  SYS_MSG_REGCB  msp_status_cb  func(f4013900) 
[2023/01/05 04:42:30 513] lgi        298  LGI_MSG_INIT  
[2023/01/05 04:42:30 513] lgi        305  lgi  lgi_  268436457  1573451739  
[2023/01/05 04:42:30 513] lgi        403  token:  nil  
[2023/01/05 04:42:30 513] lgi        476  msc cver : 5.0.44.1288  
[2023/01/05 04:42:30 513] lgi        519  ns_enable=  1  
[2023/01/05 04:42:30 513] lgi        531  prot_ver=1  
[2023/01/05 04:42:30 513] lgi        542  prot_type=tcp  
[2023/01/05 04:42:30 514] lgi        693  SYS_MSG_UNLOAD  go bg!  
============================================================
Time  2023/01/05 04:43:44 127 
============================================================
[2023/01/05 04:43:44 127] lgi        684  SYS_MSG_LOAD  
[2023/01/05 04:43:44 128] lgi        706  SYS_MSG_REGCB  msp_status_cb  func(e00139a0) 
[2023/01/05 04:43:44 128] lgi        298  LGI_MSG_INIT  
[2023/01/05 04:43:44 128] lgi        305  lgi  lgi_  268436457  1573451739  
[2023/01/05 04:43:44 128] lgi        403  token:  nil  
[2023/01/05 04:43:44 128] lgi        476  msc cver : 5.0.44.1288  
[2023/01/05 04:43:44 128] lgi        519  ns_enable=  1  
[2023/01/05 04:43:44 128] lgi        531  prot_ver=1  
[2023/01/05 04:43:44 128] lgi        542  prot_type=tcp  
[2023/01/05 04:43:44 128] lgi        693  SYS_MSG_UNLOAD  go bg!  
============================================================
Time  2023/01/05 05:10:45 568 
============================================================
[2023/01/05 05:10:45 568] lgi        684  SYS_MSG_LOAD  
[2023/01/05 05:10:45 569] lgi        706  SYS_MSG_REGCB  msp_status_cb  func(2c013750) 
[2023/01/05 05:10:45 569] lgi        298  LGI_MSG_INIT  
[2023/01/05 05:10:45 569] lgi        305  lgi  lgi_  268436457  1573451739  
[2023/01/05 05:10:45 569] lgi        403  token:  nil  
[2023/01/05 05:10:45 569] lgi        476  msc cver : 5.0.44.1288  
[2023/01/05 05:10:45 569] lgi        519  ns_enable=  1  
[2023/01/05 05:10:45 569] lgi        531  prot_ver=1  
[2023/01/05 05:10:45 569] lgi        542  prot_type=tcp  
[2023/01/05 05:10:45 569] lgi        693  SYS_MSG_UNLOAD  go bg!  
============================================================
Time  2023/01/05 05:11:13 012 
============================================================
[2023/01/05 05:11:13 012] lgi        684  SYS_MSG_LOAD  
[2023/01/05 05:11:13 012] lgi        706  SYS_MSG_REGCB  msp_status_cb  func(4c013900) 
[2023/01/05 05:11:13 012] lgi        298  LGI_MSG_INIT  
[2023/01/05 05:11:13 012] lgi        305  lgi  lgi_  268436457  1573451739  
[2023/01/05 05:11:13 012] lgi        403  token:  nil  
[2023/01/05 05:11:13 012] lgi        476  msc cver : 5.0.44.1288  
[2023/01/05 05:11:13 012] lgi        519  ns_enable=  1  
[2023/01/05 05:11:13 012] lgi        531  prot_ver=1  
[2023/01/05 05:11:13 012] lgi        542  prot_type=tcp  
[2023/01/05 05:11:13 012] lgi        693  SYS_MSG_UNLOAD  go bg!  
============================================================
Time  2023/01/05 05:12:25 517 
============================================================
[2023/01/05 05:12:25 517] lgi        684  SYS_MSG_LOAD  
[2023/01/05 05:12:25 518] lgi        706  SYS_MSG_REGCB  msp_status_cb  func(f0013790) 
[2023/01/05 05:12:25 518] lgi        298  LGI_MSG_INIT  
[2023/01/05 05:12:25 518] lgi        305  lgi  lgi_  268436457  1573451739  
[2023/01/05 05:12:25 518] lgi        403  token:  nil  
[2023/01/05 05:12:25 518] lgi        476  msc cver : 5.0.44.1288  
[2023/01/05 05:12:25 518] lgi        519  ns_enable=  1  
[2023/01/05 05:12:25 518] lgi        531  prot_ver=1  
[2023/01/05 05:12:25 518] lgi        542  prot_type=tcp  
[2023/01/05 05:12:25 518] lgi        693  SYS_MSG_UNLOAD  go bg!  
============================================================
Time  2023/01/05 05:12:29 611 
============================================================
[2023/01/05 05:12:29 611] lgi        684  SYS_MSG_LOAD  
[2023/01/05 05:12:29 612] lgi        706  SYS_MSG_REGCB  msp_status_cb  func(dc013790) 
[2023/01/05 05:12:29 612] lgi        298  LGI_MSG_INIT  
[2023/01/05 05:12:29 612] lgi        305  lgi  lgi_  268436457  1573451739  
[2023/01/05 05:12:29 612] lgi        403  token:  nil  
[2023/01/05 05:12:29 612] lgi        476  msc cver : 5.0.44.1288  
[2023/01/05 05:12:29 612] lgi        519  ns_enable=  1  
[2023/01/05 05:12:29 612] lgi        531  prot_ver=1  
[2023/01/05 05:12:29 612] lgi        542  prot_type=tcp  
[2023/01/05 05:12:29 612] lgi        693  SYS_MSG_UNLOAD  go bg!  
============================================================
Time  2023/01/05 05:17:01 432 
============================================================
[2023/01/05 05:17:01 432] lgi        684  SYS_MSG_LOAD  
[2023/01/05 05:17:01 433] lgi        706  SYS_MSG_REGCB  msp_status_cb  func(ec013790) 
[2023/01/05 05:17:01 433] lgi        298  LGI_MSG_INIT  
[2023/01/05 05:17:01 433] lgi        305  lgi  lgi_  268436457  1573451739  
[2023/01/05 05:17:01 433] lgi        403  token:  nil  
[2023/01/05 05:17:01 433] lgi        476  msc cver : 5.0.44.1288  
[2023/01/05 05:17:01 433] lgi        519  ns_enable=  1  
[2023/01/05 05:17:01 433] lgi        531  prot_ver=1  
[2023/01/05 05:17:01 433] lgi        542  prot_type=tcp  
[2023/01/05 05:17:01 433] lgi        693  SYS_MSG_UNLOAD  go bg!  
============================================================
Time  2023/01/05 05:19:19 056 
============================================================
[2023/01/05 05:19:19 056] lgi        684  SYS_MSG_LOAD  
[2023/01/05 05:19:19 056] lgi        706  SYS_MSG_REGCB  msp_status_cb  func(30013900) 
[2023/01/05 05:19:19 056] lgi        298  LGI_MSG_INIT  
[2023/01/05 05:19:19 057] lgi        305  lgi  lgi_  268436457  1573451739  
[2023/01/05 05:19:19 057] lgi        403  token:  nil  
[2023/01/05 05:19:19 057] lgi        476  msc cver : 5.0.44.1288  
[2023/01/05 05:19:19 057] lgi        519  ns_enable=  1  
[2023/01/05 05:19:19 057] lgi        531  prot_ver=1  
[2023/01/05 05:19:19 057] lgi        542  prot_type=tcp  
[2023/01/05 05:19:19 057] lgi        693  SYS_MSG_UNLOAD  go bg!  
============================================================
Time  2023/01/05 05:21:11 589 
============================================================
[2023/01/05 05:21:11 589] lgi        684  SYS_MSG_LOAD  
[2023/01/05 05:21:11 589] lgi        706  SYS_MSG_REGCB  msp_status_cb  func(640139a0) 
[2023/01/05 05:21:11 590] lgi        298  LGI_MSG_INIT  
[2023/01/05 05:21:11 590] lgi        305  lgi  lgi_  268436457  1573451739  
[2023/01/05 05:21:11 590] lgi        403  token:  nil  
[2023/01/05 05:21:11 590] lgi        476  msc cver : 5.0.44.1288  
[2023/01/05 05:21:11 590] lgi        519  ns_enable=  1  
[2023/01/05 05:21:11 590] lgi        531  prot_ver=1  
[2023/01/05 05:21:11 590] lgi        542  prot_type=tcp  
[2023/01/05 05:21:11 590] lgi        693  SYS_MSG_UNLOAD  go bg!  
============================================================
Time  2023/01/05 05:30:13 307 
============================================================
[2023/01/05 05:30:13 308] lgi        684  SYS_MSG_LOAD  
[2023/01/05 05:30:13 308] lgi        706  SYS_MSG_REGCB  msp_status_cb  func(d8013900) 
[2023/01/05 05:30:13 308] lgi        298  LGI_MSG_INIT  
[2023/01/05 05:30:13 308] lgi        305  lgi  lgi_  268436457  1573451739  
[2023/01/05 05:30:13 308] lgi        403  token:  nil  
[2023/01/05 05:30:13 308] lgi        476  msc cver : 5.0.44.1288  
[2023/01/05 05:30:13 308] lgi        519  ns_enable=  1  
[2023/01/05 05:30:13 308] lgi        531  prot_ver=1  
[2023/01/05 05:30:13 308] lgi        542  prot_type=tcp  
[2023/01/05 05:30:13 308] lgi        693  SYS_MSG_UNLOAD  go bg!  
============================================================
Time  2023/01/05 05:30:36 938 
============================================================
[2023/01/05 05:30:36 938] lgi        684  SYS_MSG_LOAD  
[2023/01/05 05:30:36 938] lgi        706  SYS_MSG_REGCB  msp_status_cb  func(f8013900) 
[2023/01/05 05:30:36 938] lgi        298  LGI_MSG_INIT  
[2023/01/05 05:30:36 938] lgi        305  lgi  lgi_  268436457  1573451739  
[2023/01/05 05:30:36 938] lgi        403  token:  nil  
[2023/01/05 05:30:36 938] lgi        476  msc cver : 5.0.44.1288  
[2023/01/05 05:30:36 938] lgi        519  ns_enable=  1  
[2023/01/05 05:30:36 938] lgi        531  prot_ver=1  
[2023/01/05 05:30:36 938] lgi        542  prot_type=tcp  
[2023/01/05 05:30:36 938] lgi        693  SYS_MSG_UNLOAD  go bg!  
============================================================
Time  2023/01/05 05:30:43 387 
============================================================
[2023/01/05 05:30:43 387] lgi        684  SYS_MSG_LOAD  
[2023/01/05 05:30:43 387] lgi        706  SYS_MSG_REGCB  msp_status_cb  func(cc013790) 
[2023/01/05 05:30:43 387] lgi        298  LGI_MSG_INIT  
[2023/01/05 05:30:43 387] lgi        305  lgi  lgi_  268436457  1573451739  
[2023/01/05 05:30:43 387] lgi        403  token:  nil  
[2023/01/05 05:30:43 387] lgi        476  msc cver : 5.0.44.1288  
[2023/01/05 05:30:43 387] lgi        519  ns_enable=  1  
[2023/01/05 05:30:43 387] lgi        531  prot_ver=1  
[2023/01/05 05:30:43 387] lgi        542  prot_type=tcp  
[2023/01/05 05:30:43 387] lgi        693  SYS_MSG_UNLOAD  go bg!  
============================================================
Time  2023/01/05 05:31:30 346 
============================================================
[2023/01/05 05:31:30 346] lgi        684  SYS_MSG_LOAD  
[2023/01/05 05:31:30 346] lgi        706  SYS_MSG_REGCB  msp_status_cb  func(5c013790) 
[2023/01/05 05:31:30 346] lgi        298  LGI_MSG_INIT  
[2023/01/05 05:31:30 346] lgi        305  lgi  lgi_  268436457  1573451739  
[2023/01/05 05:31:30 346] lgi        403  token:  nil  
[2023/01/05 05:31:30 346] lgi        476  msc cver : 5.0.44.1288  
[2023/01/05 05:31:30 346] lgi        519  ns_enable=  1  
[2023/01/05 05:31:30 346] lgi        531  prot_ver=1  
[2023/01/05 05:31:30 346] lgi        542  prot_type=tcp  
[2023/01/05 05:31:30 347] lgi        693  SYS_MSG_UNLOAD  go bg!  
============================================================
Time  2023/01/05 09:24:31 136 
============================================================
[2023/01/05 09:24:31 136] lgi        684  SYS_MSG_LOAD  
[2023/01/05 09:24:31 136] lgi        706  SYS_MSG_REGCB  msp_status_cb  func(d4013900) 
[2023/01/05 09:24:31 136] lgi        298  LGI_MSG_INIT  
[2023/01/05 09:24:31 136] lgi        305  lgi  lgi_  268436457  1573451739  
[2023/01/05 09:24:31 136] lgi        403  token:  nil  
[2023/01/05 09:24:31 136] lgi        476  msc cver : 5.0.44.1288  
[2023/01/05 09:24:31 136] lgi        519  ns_enable=  1  
[2023/01/05 09:24:31 137] lgi        531  prot_ver=1  
[2023/01/05 09:24:31 137] lgi        542  prot_type=tcp  
[2023/01/05 09:24:31 137] lgi        693  SYS_MSG_UNLOAD  go bg!  
============================================================
Time  2023/01/05 09:26:05 181 
============================================================
[2023/01/05 09:26:05 181] lgi        684  SYS_MSG_LOAD  
[2023/01/05 09:26:05 182] lgi        706  SYS_MSG_REGCB  msp_status_cb  func(80013900) 
[2023/01/05 09:26:05 182] lgi        298  LGI_MSG_INIT  
[2023/01/05 09:26:05 182] lgi        305  lgi  lgi_  268436457  1573451739  
[2023/01/05 09:26:05 182] lgi        403  token:  nil  
[2023/01/05 09:26:05 182] lgi        476  msc cver : 5.0.44.1288  
[2023/01/05 09:26:05 182] lgi        519  ns_enable=  1  
[2023/01/05 09:26:05 182] lgi        531  prot_ver=1  
[2023/01/05 09:26:05 182] lgi        542  prot_type=tcp  
[2023/01/05 09:26:05 182] lgi        693  SYS_MSG_UNLOAD  go bg!  
============================================================
Time  2023/01/05 09:38:39 831 
============================================================
[2023/01/05 09:38:39 831] lgi        684  SYS_MSG_LOAD  
[2023/01/05 09:38:39 831] lgi        706  SYS_MSG_REGCB  msp_status_cb  func(64013900) 
[2023/01/05 09:38:39 831] lgi        298  LGI_MSG_INIT  
[2023/01/05 09:38:39 831] lgi        305  lgi  lgi_  268436457  1573451739  
[2023/01/05 09:38:39 832] lgi        403  token:  nil  
[2023/01/05 09:38:39 832] lgi        476  msc cver : 5.0.44.1288  
[2023/01/05 09:38:39 832] lgi        519  ns_enable=  1  
[2023/01/05 09:38:39 832] lgi        531  prot_ver=1  
[2023/01/05 09:38:39 832] lgi        542  prot_type=tcp  
[2023/01/05 09:38:39 832] lgi        693  SYS_MSG_UNLOAD  go bg!  
============================================================
Time  2023/01/05 09:40:23 439 
============================================================
[2023/01/05 09:40:23 439] lgi        684  SYS_MSG_LOAD  
[2023/01/05 09:40:23 439] lgi        706  SYS_MSG_REGCB  msp_status_cb  func(e4013900) 
[2023/01/05 09:40:23 439] lgi        298  LGI_MSG_INIT  
[2023/01/05 09:40:23 439] lgi        305  lgi  lgi_  268436457  1573451739  
[2023/01/05 09:40:23 439] lgi        403  token:  nil  
[2023/01/05 09:40:23 439] lgi        476  msc cver : 5.0.44.1288  
[2023/01/05 09:40:23 439] lgi        519  ns_enable=  1  
[2023/01/05 09:40:23 439] lgi        531  prot_ver=1  
[2023/01/05 09:40:23 439] lgi        542  prot_type=tcp  
[2023/01/05 09:40:23 440] lgi        693  SYS_MSG_UNLOAD  go bg!  
============================================================
Time  2023/01/05 09:41:22 493 
============================================================
[2023/01/05 09:41:22 493] lgi        684  SYS_MSG_LOAD  
[2023/01/05 09:41:22 494] lgi        706  SYS_MSG_REGCB  msp_status_cb  func(30013900) 
[2023/01/05 09:41:22 494] lgi        298  LGI_MSG_INIT  
[2023/01/05 09:41:22 494] lgi        305  lgi  lgi_  268436457  1573451739  
[2023/01/05 09:41:22 494] lgi        403  token:  nil  
[2023/01/05 09:41:22 494] lgi        476  msc cver : 5.0.44.1288  
[2023/01/05 09:41:22 494] lgi        519  ns_enable=  1  
[2023/01/05 09:41:22 494] lgi        531  prot_ver=1  
[2023/01/05 09:41:22 494] lgi        542  prot_type=tcp  
[2023/01/05 09:41:22 494] lgi        693  SYS_MSG_UNLOAD  go bg!  
============================================================
Time  2023/01/05 09:42:50 989 
============================================================
[2023/01/05 09:42:50 989] lgi        684  SYS_MSG_LOAD  
[2023/01/05 09:42:50 989] lgi        706  SYS_MSG_REGCB  msp_status_cb  func(78013900) 
[2023/01/05 09:42:50 989] lgi        298  LGI_MSG_INIT  
[2023/01/05 09:42:50 989] lgi        305  lgi  lgi_  268436457  1573451739  
[2023/01/05 09:42:50 989] lgi        403  token:  nil  
[2023/01/05 09:42:50 989] lgi        476  msc cver : 5.0.44.1288  
[2023/01/05 09:42:50 989] lgi        519  ns_enable=  1  
[2023/01/05 09:42:50 989] lgi        531  prot_ver=1  
[2023/01/05 09:42:50 989] lgi        542  prot_type=tcp  
[2023/01/05 09:42:50 989] lgi        693  SYS_MSG_UNLOAD  go bg!  
============================================================
Time  2023/01/05 09:45:37 741 
============================================================
[2023/01/05 09:45:37 741] lgi        684  SYS_MSG_LOAD  
[2023/01/05 09:45:37 741] lgi        706  SYS_MSG_REGCB  msp_status_cb  func(70013900) 
[2023/01/05 09:45:37 741] lgi        298  LGI_MSG_INIT  
[2023/01/05 09:45:37 741] lgi        305  lgi  lgi_  268436457  1573451739  
[2023/01/05 09:45:37 741] lgi        403  token:  nil  
[2023/01/05 09:45:37 742] lgi        476  msc cver : 5.0.44.1288  
[2023/01/05 09:45:37 742] lgi        519  ns_enable=  1  
[2023/01/05 09:45:37 742] lgi        531  prot_ver=1  
[2023/01/05 09:45:37 742] lgi        542  prot_type=tcp  
[2023/01/05 09:45:37 742] lgi        693  SYS_MSG_UNLOAD  go bg!  
============================================================
Time  2023/01/05 09:48:02 643 
============================================================
[2023/01/05 09:48:02 643] lgi        684  SYS_MSG_LOAD  
[2023/01/05 09:48:02 643] lgi        706  SYS_MSG_REGCB  msp_status_cb  func(cc013900) 
[2023/01/05 09:48:02 643] lgi        298  LGI_MSG_INIT  
[2023/01/05 09:48:02 643] lgi        305  lgi  lgi_  268436457  1573451739  
[2023/01/05 09:48:02 644] lgi        403  token:  nil  
[2023/01/05 09:48:02 644] lgi        476  msc cver : 5.0.44.1288  
[2023/01/05 09:48:02 644] lgi        519  ns_enable=  1  
[2023/01/05 09:48:02 644] lgi        531  prot_ver=1  
[2023/01/05 09:48:02 644] lgi        542  prot_type=tcp  
[2023/01/05 09:48:02 644] lgi        693  SYS_MSG_UNLOAD  go bg!  
============================================================
Time  2023/01/05 09:52:21 276 
============================================================
[2023/01/05 09:52:21 276] lgi        684  SYS_MSG_LOAD  
[2023/01/05 09:52:21 276] lgi        706  SYS_MSG_REGCB  msp_status_cb  func(e0013900) 
[2023/01/05 09:52:21 276] lgi        298  LGI_MSG_INIT  
[2023/01/05 09:52:21 276] lgi        305  lgi  lgi_  268436457  1573451739  
[2023/01/05 09:52:21 277] lgi        403  token:  nil  
[2023/01/05 09:52:21 277] lgi        476  msc cver : 5.0.44.1288  
[2023/01/05 09:52:21 277] lgi        519  ns_enable=  1  
[2023/01/05 09:52:21 277] lgi        531  prot_ver=1  
[2023/01/05 09:52:21 277] lgi        542  prot_type=tcp  
[2023/01/05 09:52:21 277] lgi        693  SYS_MSG_UNLOAD  go bg!  
============================================================
Time  2023/01/05 09:53:20 743 
============================================================
[2023/01/05 09:53:20 743] lgi        684  SYS_MSG_LOAD  
[2023/01/05 09:53:20 744] lgi        706  SYS_MSG_REGCB  msp_status_cb  func(4013900) 
[2023/01/05 09:53:20 744] lgi        298  LGI_MSG_INIT  
[2023/01/05 09:53:20 744] lgi        305  lgi  lgi_  268436457  1573451739  
[2023/01/05 09:53:20 744] lgi        403  token:  nil  
[2023/01/05 09:53:20 744] lgi        476  msc cver : 5.0.44.1288  
[2023/01/05 09:53:20 744] lgi        519  ns_enable=  1  
[2023/01/05 09:53:20 744] lgi        531  prot_ver=1  
[2023/01/05 09:53:20 744] lgi        542  prot_type=tcp  
[2023/01/05 09:53:20 744] lgi        693  SYS_MSG_UNLOAD  go bg!  
============================================================
Time  2023/01/05 09:53:44 767 
============================================================
[2023/01/05 09:53:44 767] lgi        684  SYS_MSG_LOAD  
[2023/01/05 09:53:44 767] lgi        706  SYS_MSG_REGCB  msp_status_cb  func(f0053700) 
[2023/01/05 09:53:44 767] lgi        298  LGI_MSG_INIT  
[2023/01/05 09:53:44 767] lgi        305  lgi  lgi_  268436457  1573451739  
[2023/01/05 09:53:44 767] lgi        403  token:  nil  
[2023/01/05 09:53:44 767] lgi        476  msc cver : 5.0.44.1288  
[2023/01/05 09:53:44 767] lgi        519  ns_enable=  1  
[2023/01/05 09:53:44 767] lgi        531  prot_ver=1  
[2023/01/05 09:53:44 767] lgi        542  prot_type=tcp  
[2023/01/05 09:53:44 768] lgi        693  SYS_MSG_UNLOAD  go bg!  
============================================================
Time  2023/01/05 09:55:05 930 
============================================================
[2023/01/05 09:55:05 930] lgi        684  SYS_MSG_LOAD  
[2023/01/05 09:55:05 931] lgi        706  SYS_MSG_REGCB  msp_status_cb  func(b0013900) 
[2023/01/05 09:55:05 931] lgi        298  LGI_MSG_INIT  
[2023/01/05 09:55:05 931] lgi        305  lgi  lgi_  268436457  1573451739  
[2023/01/05 09:55:05 931] lgi        403  token:  nil  
[2023/01/05 09:55:05 931] lgi        476  msc cver : 5.0.44.1288  
[2023/01/05 09:55:05 931] lgi        519  ns_enable=  1  
[2023/01/05 09:55:05 931] lgi        531  prot_ver=1  
[2023/01/05 09:55:05 931] lgi        542  prot_type=tcp  
[2023/01/05 09:55:05 931] lgi        693  SYS_MSG_UNLOAD  go bg!  
============================================================
Time  2023/01/05 10:27:35 925 
============================================================
[2023/01/05 10:27:35 925] lgi        684  SYS_MSG_LOAD  
[2023/01/05 10:27:35 926] lgi        706  SYS_MSG_REGCB  msp_status_cb  func(74053700) 
[2023/01/05 10:27:35 926] lgi        298  LGI_MSG_INIT  
[2023/01/05 10:27:35 926] lgi        305  lgi  lgi_  268436457  1573451739  
[2023/01/05 10:27:35 926] lgi        403  token:  nil  
[2023/01/05 10:27:35 926] lgi        476  msc cver : 5.0.44.1288  
[2023/01/05 10:27:35 926] lgi        519  ns_enable=  1  
[2023/01/05 10:27:35 926] lgi        531  prot_ver=1  
[2023/01/05 10:27:35 926] lgi        542  prot_type=tcp  
[2023/01/05 10:27:35 926] lgi        693  SYS_MSG_UNLOAD  go bg!  
============================================================
Time  2023/01/05 10:56:35 939 
============================================================
[2023/01/05 10:56:35 939] lgi        684  SYS_MSG_LOAD  
[2023/01/05 10:56:35 939] lgi        706  SYS_MSG_REGCB  msp_status_cb  func(74013900) 
[2023/01/05 10:56:35 939] lgi        298  LGI_MSG_INIT  
[2023/01/05 10:56:35 939] lgi        305  lgi  lgi_  268436457  1573451739  
[2023/01/05 10:56:35 939] lgi        403  token:  nil  
[2023/01/05 10:56:35 939] lgi        476  msc cver : 5.0.44.1288  
[2023/01/05 10:56:35 940] lgi        519  ns_enable=  1  
[2023/01/05 10:56:35 940] lgi        531  prot_ver=1  
[2023/01/05 10:56:35 940] lgi        542  prot_type=tcp  
[2023/01/05 10:56:35 940] lgi        693  SYS_MSG_UNLOAD  go bg!  
============================================================
Time  2023/01/05 10:58:26 612 
============================================================
[2023/01/05 10:58:26 612] lgi        684  SYS_MSG_LOAD  
[2023/01/05 10:58:26 612] lgi        706  SYS_MSG_REGCB  msp_status_cb  func(c4013900) 
[2023/01/05 10:58:26 612] lgi        298  LGI_MSG_INIT  
[2023/01/05 10:58:26 612] lgi        305  lgi  lgi_  268436457  1573451739  
[2023/01/05 10:58:26 613] lgi        403  token:  nil  
[2023/01/05 10:58:26 613] lgi        476  msc cver : 5.0.44.1288  
[2023/01/05 10:58:26 613] lgi        519  ns_enable=  1  
[2023/01/05 10:58:26 613] lgi        531  prot_ver=1  
[2023/01/05 10:58:26 613] lgi        542  prot_type=tcp  
[2023/01/05 10:58:26 613] lgi        693  SYS_MSG_UNLOAD  go bg!  
============================================================
Time  2023/01/05 11:30:54 173 
============================================================
[2023/01/05 11:30:54 173] lgi        684  SYS_MSG_LOAD  
[2023/01/05 11:30:54 173] lgi        706  SYS_MSG_REGCB  msp_status_cb  func(84013900) 
[2023/01/05 11:30:54 173] lgi        298  LGI_MSG_INIT  
[2023/01/05 11:30:54 173] lgi        305  lgi  lgi_  268436457  1573451739  
[2023/01/05 11:30:54 173] lgi        403  token:  nil  
[2023/01/05 11:30:54 173] lgi        476  msc cver : 5.0.44.1288  
[2023/01/05 11:30:54 173] lgi        519  ns_enable=  1  
[2023/01/05 11:30:54 174] lgi        531  prot_ver=1  
[2023/01/05 11:30:54 174] lgi        542  prot_type=tcp  
[2023/01/05 11:30:54 174] lgi        693  SYS_MSG_UNLOAD  go bg!  
============================================================
Time  2023/01/05 11:33:46 275 
============================================================
[2023/01/05 11:33:46 275] lgi        684  SYS_MSG_LOAD  
[2023/01/05 11:33:46 275] lgi        706  SYS_MSG_REGCB  msp_status_cb  func(1c013900) 
[2023/01/05 11:33:46 275] lgi        298  LGI_MSG_INIT  
[2023/01/05 11:33:46 275] lgi        305  lgi  lgi_  268436457  1573451739  
[2023/01/05 11:33:46 275] lgi        403  token:  nil  
[2023/01/05 11:33:46 275] lgi        476  msc cver : 5.0.44.1288  
[2023/01/05 11:33:46 275] lgi        519  ns_enable=  1  
[2023/01/05 11:33:46 275] lgi        531  prot_ver=1  
[2023/01/05 11:33:46 275] lgi        542  prot_type=tcp  
[2023/01/05 11:33:46 275] lgi        693  SYS_MSG_UNLOAD  go bg!  
============================================================
Time  2023/01/05 11:37:30 443 
============================================================
[2023/01/05 11:37:30 443] lgi        684  SYS_MSG_LOAD  
[2023/01/05 11:37:30 444] lgi        706  SYS_MSG_REGCB  msp_status_cb  func(ec013900) 
[2023/01/05 11:37:30 444] lgi        298  LGI_MSG_INIT  
[2023/01/05 11:37:30 444] lgi        305  lgi  lgi_  268436457  1573451739  
[2023/01/05 11:37:30 444] lgi        403  token:  nil  
[2023/01/05 11:37:30 444] lgi        476  msc cver : 5.0.44.1288  
[2023/01/05 11:37:30 444] lgi        519  ns_enable=  1  
[2023/01/05 11:37:30 444] lgi        531  prot_ver=1  
[2023/01/05 11:37:30 444] lgi        542  prot_type=tcp  
[2023/01/05 11:37:30 444] lgi        693  SYS_MSG_UNLOAD  go bg!  
============================================================
Time  2023/01/05 17:12:25 504 
============================================================
[2023/01/05 17:12:25 504] lgi        684  SYS_MSG_LOAD  
[2023/01/05 17:12:25 505] lgi        706  SYS_MSG_REGCB  msp_status_cb  func(4053700) 
[2023/01/05 17:12:25 505] lgi        298  LGI_MSG_INIT  
[2023/01/05 17:12:25 505] lgi        305  lgi  lgi_  268436457  1573451739  
[2023/01/05 17:12:25 505] lgi        403  token:  nil  
[2023/01/05 17:12:25 505] lgi        476  msc cver : 5.0.44.1288  
[2023/01/05 17:12:25 505] lgi        519  ns_enable=  1  
[2023/01/05 17:12:25 505] lgi        531  prot_ver=1  
[2023/01/05 17:12:25 505] lgi        542  prot_type=tcp  
[2023/01/05 17:12:25 505] lgi        693  SYS_MSG_UNLOAD  go bg!  
============================================================
Time  2023/01/05 17:29:06 477 
============================================================
[2023/01/05 17:29:06 477] lgi        684  SYS_MSG_LOAD  
[2023/01/05 17:29:06 479] lgi        706  SYS_MSG_REGCB  msp_status_cb  func(44013900) 
[2023/01/05 17:29:06 479] lgi        298  LGI_MSG_INIT  
[2023/01/05 17:29:06 479] lgi        305  lgi  lgi_  268436457  1573451739  
[2023/01/05 17:29:06 480] lgi        403  token:  nil  
[2023/01/05 17:29:06 480] lgi        476  msc cver : 5.0.44.1288  
[2023/01/05 17:29:06 480] lgi        519  ns_enable=  1  
[2023/01/05 17:29:06 480] lgi        531  prot_ver=1  
[2023/01/05 17:29:06 480] lgi        542  prot_type=tcp  
[2023/01/05 17:29:06 480] lgi        693  SYS_MSG_UNLOAD  go bg!  
============================================================
Time  2023/01/05 17:35:53 930 
============================================================
[2023/01/05 17:35:53 930] lgi        684  SYS_MSG_LOAD  
[2023/01/05 17:35:53 930] lgi        706  SYS_MSG_REGCB  msp_status_cb  func(34013790) 
[2023/01/05 17:35:53 930] lgi        298  LGI_MSG_INIT  
[2023/01/05 17:35:53 930] lgi        305  lgi  lgi_  268436457  1573451739  
[2023/01/05 17:35:53 930] lgi        403  token:  nil  
[2023/01/05 17:35:53 930] lgi        476  msc cver : 5.0.44.1288  
[2023/01/05 17:35:53 930] lgi        519  ns_enable=  1  
[2023/01/05 17:35:53 930] lgi        531  prot_ver=1  
[2023/01/05 17:35:53 930] lgi        542  prot_type=tcp  
[2023/01/05 17:35:53 931] lgi        693  SYS_MSG_UNLOAD  go bg!  
============================================================
Time  2023/01/05 17:41:44 998 
============================================================
[2023/01/05 17:41:44 998] lgi        684  SYS_MSG_LOAD  
[2023/01/05 17:41:45 000] lgi        706  SYS_MSG_REGCB  msp_status_cb  func(20013790) 
[2023/01/05 17:41:45 000] lgi        298  LGI_MSG_INIT  
[2023/01/05 17:41:45 000] lgi        305  lgi  lgi_  268436457  1573451739  
[2023/01/05 17:41:45 001] lgi        403  token:  nil  
[2023/01/05 17:41:45 001] lgi        476  msc cver : 5.0.44.1288  
[2023/01/05 17:41:45 001] lgi        519  ns_enable=  1  
[2023/01/05 17:41:45 001] lgi        531  prot_ver=1  
[2023/01/05 17:41:45 001] lgi        542  prot_type=tcp  
[2023/01/05 17:41:45 001] lgi        693  SYS_MSG_UNLOAD  go bg!  
============================================================
Time  2023/01/05 17:44:30 273 
============================================================
[2023/01/05 17:44:30 273] lgi        684  SYS_MSG_LOAD  
[2023/01/05 17:44:30 274] lgi        706  SYS_MSG_REGCB  msp_status_cb  func(c8013900) 
[2023/01/05 17:44:30 274] lgi        298  LGI_MSG_INIT  
[2023/01/05 17:44:30 274] lgi        305  lgi  lgi_  268436457  1573451739  
[2023/01/05 17:44:30 274] lgi        403  token:  nil  
[2023/01/05 17:44:30 274] lgi        476  msc cver : 5.0.44.1288  
[2023/01/05 17:44:30 274] lgi        519  ns_enable=  1  
[2023/01/05 17:44:30 274] lgi        531  prot_ver=1  
[2023/01/05 17:44:30 274] lgi        542  prot_type=tcp  
[2023/01/05 17:44:30 274] lgi        693  SYS_MSG_UNLOAD  go bg!  
============================================================
Time  2023/01/05 17:45:28 360 
============================================================
[2023/01/05 17:45:28 360] lgi        684  SYS_MSG_LOAD  
[2023/01/05 17:45:28 360] lgi        706  SYS_MSG_REGCB  msp_status_cb  func(f8013900) 
[2023/01/05 17:45:28 360] lgi        298  LGI_MSG_INIT  
[2023/01/05 17:45:28 360] lgi        305  lgi  lgi_  268436457  1573451739  
[2023/01/05 17:45:28 360] lgi        403  token:  nil  
[2023/01/05 17:45:28 360] lgi        476  msc cver : 5.0.44.1288  
[2023/01/05 17:45:28 360] lgi        519  ns_enable=  1  
[2023/01/05 17:45:28 360] lgi        531  prot_ver=1  
[2023/01/05 17:45:28 360] lgi        542  prot_type=tcp  
[2023/01/05 17:45:28 361] lgi        693  SYS_MSG_UNLOAD  go bg!  
============================================================
Time  2023/01/05 17:46:28 246 
============================================================
[2023/01/05 17:46:28 246] lgi        684  SYS_MSG_LOAD  
[2023/01/05 17:46:28 246] lgi        706  SYS_MSG_REGCB  msp_status_cb  func(30013900) 
[2023/01/05 17:46:28 246] lgi        298  LGI_MSG_INIT  
[2023/01/05 17:46:28 247] lgi        305  lgi  lgi_  268436457  1573451739  
[2023/01/05 17:46:28 247] lgi        403  token:  nil  
[2023/01/05 17:46:28 247] lgi        476  msc cver : 5.0.44.1288  
[2023/01/05 17:46:28 247] lgi        519  ns_enable=  1  
[2023/01/05 17:46:28 247] lgi        531  prot_ver=1  
[2023/01/05 17:46:28 247] lgi        542  prot_type=tcp  
[2023/01/05 17:46:28 247] lgi        693  SYS_MSG_UNLOAD  go bg!  
============================================================
Time  2023/01/05 17:46:44 788 
============================================================
[2023/01/05 17:46:44 788] lgi        684  SYS_MSG_LOAD  
[2023/01/05 17:46:44 789] lgi        706  SYS_MSG_REGCB  msp_status_cb  func(74013900) 
[2023/01/05 17:46:44 789] lgi        298  LGI_MSG_INIT  
[2023/01/05 17:46:44 789] lgi        305  lgi  lgi_  268436457  1573451739  
[2023/01/05 17:46:44 789] lgi        403  token:  nil  
[2023/01/05 17:46:44 789] lgi        476  msc cver : 5.0.44.1288  
[2023/01/05 17:46:44 789] lgi        519  ns_enable=  1  
[2023/01/05 17:46:44 789] lgi        531  prot_ver=1  
[2023/01/05 17:46:44 789] lgi        542  prot_type=tcp  
[2023/01/05 17:46:44 789] lgi        693  SYS_MSG_UNLOAD  go bg!  
============================================================
Time  2023/01/05 17:46:48 671 
============================================================
[2023/01/05 17:46:48 671] lgi        684  SYS_MSG_LOAD  
[2023/01/05 17:46:48 673] lgi        706  SYS_MSG_REGCB  msp_status_cb  func(28013790) 
[2023/01/05 17:46:48 673] lgi        298  LGI_MSG_INIT  
[2023/01/05 17:46:48 673] lgi        305  lgi  lgi_  268436457  1573451739  
[2023/01/05 17:46:48 673] lgi        403  token:  nil  
[2023/01/05 17:46:48 673] lgi        476  msc cver : 5.0.44.1288  
[2023/01/05 17:46:48 673] lgi        519  ns_enable=  1  
[2023/01/05 17:46:48 673] lgi        531  prot_ver=1  
[2023/01/05 17:46:48 673] lgi        542  prot_type=tcp  
[2023/01/05 17:46:48 674] lgi        693  SYS_MSG_UNLOAD  go bg!  
============================================================
Time  2023/01/05 17:46:52 768 
============================================================
[2023/01/05 17:46:52 768] lgi        684  SYS_MSG_LOAD  
[2023/01/05 17:46:52 768] lgi        706  SYS_MSG_REGCB  msp_status_cb  func(ec053700) 
[2023/01/05 17:46:52 768] lgi        298  LGI_MSG_INIT  
[2023/01/05 17:46:52 768] lgi        305  lgi  lgi_  268436457  1573451739  
[2023/01/05 17:46:52 768] lgi        403  token:  nil  
[2023/01/05 17:46:52 768] lgi        476  msc cver : 5.0.44.1288  
[2023/01/05 17:46:52 768] lgi        519  ns_enable=  1  
[2023/01/05 17:46:52 768] lgi        531  prot_ver=1  
[2023/01/05 17:46:52 768] lgi        542  prot_type=tcp  
[2023/01/05 17:46:52 768] lgi        693  SYS_MSG_UNLOAD  go bg!  
============================================================
Time  2023/01/05 17:52:38 089 
============================================================
[2023/01/05 17:52:38 089] lgi        684  SYS_MSG_LOAD  
[2023/01/05 17:52:38 089] lgi        706  SYS_MSG_REGCB  msp_status_cb  func(bc013900) 
[2023/01/05 17:52:38 089] lgi        298  LGI_MSG_INIT  
[2023/01/05 17:52:38 089] lgi        305  lgi  lgi_  268436457  1573451739  
[2023/01/05 17:52:38 089] lgi        403  token:  nil  
[2023/01/05 17:52:38 089] lgi        476  msc cver : 5.0.44.1288  
[2023/01/05 17:52:38 089] lgi        519  ns_enable=  1  
[2023/01/05 17:52:38 089] lgi        531  prot_ver=1  
[2023/01/05 17:52:38 089] lgi        542  prot_type=tcp  
[2023/01/05 17:52:38 089] lgi        693  SYS_MSG_UNLOAD  go bg!  
============================================================
Time  2023/01/05 17:53:04 059 
============================================================
[2023/01/05 17:53:04 059] lgi        684  SYS_MSG_LOAD  
[2023/01/05 17:53:04 059] lgi        706  SYS_MSG_REGCB  msp_status_cb  func(e8013900) 
[2023/01/05 17:53:04 059] lgi        298  LGI_MSG_INIT  
[2023/01/05 17:53:04 059] lgi        305  lgi  lgi_  268436457  1573451739  
[2023/01/05 17:53:04 059] lgi        403  token:  nil  
[2023/01/05 17:53:04 059] lgi        476  msc cver : 5.0.44.1288  
[2023/01/05 17:53:04 059] lgi        519  ns_enable=  1  
[2023/01/05 17:53:04 059] lgi        531  prot_ver=1  
[2023/01/05 17:53:04 059] lgi        542  prot_type=tcp  
[2023/01/05 17:53:04 059] lgi        693  SYS_MSG_UNLOAD  go bg!  
============================================================
Time  2023/01/05 18:27:03 504 
============================================================
[2023/01/05 18:27:03 504] lgi        684  SYS_MSG_LOAD  
[2023/01/05 18:27:03 504] lgi        706  SYS_MSG_REGCB  msp_status_cb  func(54013900) 
[2023/01/05 18:27:03 504] lgi        298  LGI_MSG_INIT  
[2023/01/05 18:27:03 504] lgi        305  lgi  lgi_  268436457  1573451739  
[2023/01/05 18:27:03 504] lgi        403  token:  nil  
[2023/01/05 18:27:03 504] lgi        476  msc cver : 5.0.44.1288  
[2023/01/05 18:27:03 504] lgi        519  ns_enable=  1  
[2023/01/05 18:27:03 504] lgi        531  prot_ver=1  
[2023/01/05 18:27:03 504] lgi        542  prot_type=tcp  
[2023/01/05 18:27:03 505] lgi        693  SYS_MSG_UNLOAD  go bg!  
============================================================
Time  2023/01/05 18:27:26 937 
============================================================
[2023/01/05 18:27:26 937] lgi        684  SYS_MSG_LOAD  
[2023/01/05 18:27:26 939] lgi        706  SYS_MSG_REGCB  msp_status_cb  func(ec013790) 
[2023/01/05 18:27:26 939] lgi        298  LGI_MSG_INIT  
[2023/01/05 18:27:26 939] lgi        305  lgi  lgi_  268436457  1573451739  
[2023/01/05 18:27:26 939] lgi        403  token:  nil  
[2023/01/05 18:27:26 939] lgi        476  msc cver : 5.0.44.1288  
[2023/01/05 18:27:26 939] lgi        519  ns_enable=  1  
[2023/01/05 18:27:26 940] lgi        531  prot_ver=1  
[2023/01/05 18:27:26 940] lgi        542  prot_type=tcp  
[2023/01/05 18:27:26 940] lgi        693  SYS_MSG_UNLOAD  go bg!  
============================================================
Time  2023/01/05 18:47:43 132 
============================================================
[2023/01/05 18:47:43 132] lgi        684  SYS_MSG_LOAD  
[2023/01/05 18:47:43 133] lgi        706  SYS_MSG_REGCB  msp_status_cb  func(e0013900) 
[2023/01/05 18:47:43 133] lgi        298  LGI_MSG_INIT  
[2023/01/05 18:47:43 133] lgi        305  lgi  lgi_  268436457  1573451739  
[2023/01/05 18:47:43 133] lgi        403  token:  nil  
[2023/01/05 18:47:43 133] lgi        476  msc cver : 5.0.44.1288  
[2023/01/05 18:47:43 133] lgi        519  ns_enable=  1  
[2023/01/05 18:47:43 133] lgi        531  prot_ver=1  
[2023/01/05 18:47:43 133] lgi        542  prot_type=tcp  
[2023/01/05 18:47:43 133] lgi        693  SYS_MSG_UNLOAD  go bg!  
============================================================
Time  2023/01/05 18:48:07 703 
============================================================
[2023/01/05 18:48:07 703] lgi        684  SYS_MSG_LOAD  
[2023/01/05 18:48:07 704] lgi        706  SYS_MSG_REGCB  msp_status_cb  func(e4013900) 
[2023/01/05 18:48:07 704] lgi        298  LGI_MSG_INIT  
[2023/01/05 18:48:07 704] lgi        305  lgi  lgi_  268436457  1573451739  
[2023/01/05 18:48:07 704] lgi        403  token:  nil  
[2023/01/05 18:48:07 704] lgi        476  msc cver : 5.0.44.1288  
[2023/01/05 18:48:07 704] lgi        519  ns_enable=  1  
[2023/01/05 18:48:07 704] lgi        531  prot_ver=1  
[2023/01/05 18:48:07 704] lgi        542  prot_type=tcp  
[2023/01/05 18:48:07 704] lgi        693  SYS_MSG_UNLOAD  go bg!  
============================================================
Time  2023/01/05 18:50:36 897 
============================================================
[2023/01/05 18:50:36 897] lgi        684  SYS_MSG_LOAD  
[2023/01/05 18:50:36 897] lgi        706  SYS_MSG_REGCB  msp_status_cb  func(38013900) 
[2023/01/05 18:50:36 897] lgi        298  LGI_MSG_INIT  
[2023/01/05 18:50:36 897] lgi        305  lgi  lgi_  268436457  1573451739  
[2023/01/05 18:50:36 897] lgi        403  token:  nil  
[2023/01/05 18:50:36 897] lgi        476  msc cver : 5.0.44.1288  
[2023/01/05 18:50:36 897] lgi        519  ns_enable=  1  
[2023/01/05 18:50:36 897] lgi        531  prot_ver=1  
[2023/01/05 18:50:36 897] lgi        542  prot_type=tcp  
[2023/01/05 18:50:36 897] lgi        693  SYS_MSG_UNLOAD  go bg!  
============================================================
Time  2023/01/05 18:54:04 533 
============================================================
[2023/01/05 18:54:04 533] lgi        684  SYS_MSG_LOAD  
[2023/01/05 18:54:04 533] lgi        706  SYS_MSG_REGCB  msp_status_cb  func(e8013900) 
[2023/01/05 18:54:04 533] lgi        298  LGI_MSG_INIT  
[2023/01/05 18:54:04 533] lgi        305  lgi  lgi_  268436457  1573451739  
[2023/01/05 18:54:04 533] lgi        403  token:  nil  
[2023/01/05 18:54:04 533] lgi        476  msc cver : 5.0.44.1288  
[2023/01/05 18:54:04 533] lgi        519  ns_enable=  1  
[2023/01/05 18:54:04 533] lgi        531  prot_ver=1  
[2023/01/05 18:54:04 533] lgi        542  prot_type=tcp  
[2023/01/05 18:54:04 533] lgi        693  SYS_MSG_UNLOAD  go bg!  
============================================================
Time  2023/01/05 18:55:38 773 
============================================================
[2023/01/05 18:55:38 773] lgi        684  SYS_MSG_LOAD  
[2023/01/05 18:55:38 773] lgi        706  SYS_MSG_REGCB  msp_status_cb  func(a4053700) 
[2023/01/05 18:55:38 773] lgi        298  LGI_MSG_INIT  
[2023/01/05 18:55:38 773] lgi        305  lgi  lgi_  268436457  1573451739  
[2023/01/05 18:55:38 774] lgi        403  token:  nil  
[2023/01/05 18:55:38 774] lgi        476  msc cver : 5.0.44.1288  
[2023/01/05 18:55:38 774] lgi        519  ns_enable=  1  
[2023/01/05 18:55:38 774] lgi        531  prot_ver=1  
[2023/01/05 18:55:38 774] lgi        542  prot_type=tcp  
[2023/01/05 18:55:38 774] lgi        693  SYS_MSG_UNLOAD  go bg!  
============================================================
Time  2023/01/05 19:19:22 255 
============================================================
[2023/01/05 19:19:22 255] lgi        684  SYS_MSG_LOAD  
[2023/01/05 19:19:22 255] lgi        706  SYS_MSG_REGCB  msp_status_cb  func(940139a0) 
[2023/01/05 19:19:22 255] lgi        298  LGI_MSG_INIT  
[2023/01/05 19:19:22 255] lgi        305  lgi  lgi_  268436457  1573451739  
[2023/01/05 19:19:22 255] lgi        403  token:  nil  
[2023/01/05 19:19:22 255] lgi        476  msc cver : 5.0.44.1288  
[2023/01/05 19:19:22 255] lgi        519  ns_enable=  1  
[2023/01/05 19:19:22 255] lgi        531  prot_ver=1  
[2023/01/05 19:19:22 255] lgi        542  prot_type=tcp  
[2023/01/05 19:19:22 255] lgi        693  SYS_MSG_UNLOAD  go bg!  
============================================================
Time  2023/01/05 19:24:56 299 
============================================================
[2023/01/05 19:24:56 299] lgi        684  SYS_MSG_LOAD  
[2023/01/05 19:24:56 300] lgi        706  SYS_MSG_REGCB  msp_status_cb  func(6c013900) 
[2023/01/05 19:24:56 300] lgi        298  LGI_MSG_INIT  
[2023/01/05 19:24:56 300] lgi        305  lgi  lgi_  268436457  1573451739  
[2023/01/05 19:24:56 300] lgi        403  token:  nil  
[2023/01/05 19:24:56 300] lgi        476  msc cver : 5.0.44.1288  
[2023/01/05 19:24:56 300] lgi        519  ns_enable=  1  
[2023/01/05 19:24:56 300] lgi        531  prot_ver=1  
[2023/01/05 19:24:56 300] lgi        542  prot_type=tcp  
[2023/01/05 19:24:56 300] lgi        693  SYS_MSG_UNLOAD  go bg!  
